Using pre-set license
Built from '2021.1/staging' branch; Version is '2021.1.3f1 (4bef613afd59) revision 4976481'; Using compiler version '192528614'; Build Type 'Release'
OS: 'Windows 10 Pro; OS build 19043.1586; Version 2009; 64bit' Language: 'pt' Physical Memory: 16317 MB
BatchMode: 1, IsHumanControllingUs: 0, StartBugReporterOnCrash: 0, Is64bit: 1, IsPro: 0

 COMMAND LINE ARGUMENTS:
D:\Programas\Unity\2021.1.3f1\Editor\Unity.exe
-adb2
-batchMode
-noUpm
-name
AssetImportWorker0
-projectPath
C:/Users/User/Desktop/Projetos/game-one/GameOne
-logFile
Logs/AssetImportWorker0.log
-srvPort
60648
Successfully changed project path to: C:/Users/User/Desktop/Projetos/game-one/GameOne
C:/Users/User/Desktop/Projetos/game-one/GameOne
Using Asset Import Pipeline V2.
Refreshing native plugins compatible for Editor in 129.44 ms, found 2 plugins.
Preloading 0 native plugins for Editor in 0.00 ms.
Initialize engine version: 2021.1.3f1 (4bef613afd59)
[Subsystems] Discovering subsystems at path D:/Programas/Unity/2021.1.3f1/Editor/Data/Resources/UnitySubsystems
[Subsystems] Discovering subsystems at path C:/Users/User/Desktop/Projetos/game-one/GameOne/Assets
GfxDevice: creating device client; threaded=0; jobified=0
Direct3D:
    Version:  Direct3D 11.0 [level 11.1]
    Renderer: NVIDIA GeForce GTX 1060 3GB (ID=0x1c02)
    Vendor:   NVIDIA
    VRAM:     2988 MB
    Driver:   30.0.15.1215
Initialize mono
Mono path[0] = 'D:/Programas/Unity/2021.1.3f1/Editor/Data/Managed'
Mono path[1] = 'D:/Programas/Unity/2021.1.3f1/Editor/Data/MonoBleedingEdge/lib/mono/unityjit'
Mono config path = 'D:/Programas/Unity/2021.1.3f1/Editor/Data/MonoBleedingEdge/etc'
Using monoOptions --debugger-agent=transport=dt_socket,embedding=1,server=y,suspend=n,address=127.0.0.1:56256
Begin MonoManager ReloadAssembly
Registering precompiled unity dll's ...
Register platform support module: D:/Programas/Unity/2021.1.3f1/Editor/Data/PlaybackEngines/WindowsStandaloneSupport/UnityEditor.WindowsStandalone.Extensions.dll
Registered in 0.001311 seconds.
Native extension for WindowsStandalone target not found
Refreshing native plugins compatible for Editor in 132.18 ms, found 2 plugins.
Preloading 0 native plugins for Editor in 0.00 ms.
Mono: successfully reloaded assembly
- Completed reload, in  1.569 seconds
Platform modules already initialized, skipping
Registering precompiled user dll's ...
Registered in 0.004885 seconds.
Begin MonoManager ReloadAssembly
Native extension for WindowsStandalone target not found
Refreshing native plugins compatible for Editor in 131.59 ms, found 2 plugins.
Preloading 0 native plugins for Editor in 0.00 ms.
Mono: successfully reloaded assembly
- Completed reload, in  1.443 seconds
Platform modules already initialized, skipping
========================================================================
Worker process is ready to serve import requests
Launched and connected shader compiler UnityShaderCompiler.exe after 0.25 seconds
Refreshing native plugins compatible for Editor in 0.82 ms, found 2 plugins.
Preloading 0 native plugins for Editor in 0.00 ms.
Unloading 3536 Unused Serialized files (Serialized files now loaded: 0)
System memory in use before: 133.4 MB.
System memory in use after: 133.6 MB.

Unloading 25 unused Assets to reduce memory usage. Loaded Objects now: 3994.
Total: 2.871400 ms (FindLiveObjects: 0.292300 ms CreateObjectMapping: 0.204000 ms MarkObjects: 2.316300 ms  DeleteObjects: 0.057700 ms)

========================================================================
Received Import Request.
  path: Assets/Prefabs/Player.prefab
  artifactKey: Guid(5decec3ad4bdfef4497a5e08f7203cba) Importer(815301076,1909f56bfc062723c751e8b465ee728b)
Start importing Assets/Prefabs/Player.prefab using Guid(5decec3ad4bdfef4497a5e08f7203cba) Importer(815301076,1909f56bfc062723c751e8b465ee728b)  -> (artifact id: 'e8a05e0c4e7e20ec2038e44f100d4394') in 0.155115 seconds 
========================================================================
Received Import Request.
  Time since last request: 0.000279 seconds.
  path: Assets/Prefabs/Rino_Run.prefab
  artifactKey: Guid(3af60340569949949aac089aec5c4589) Importer(815301076,1909f56bfc062723c751e8b465ee728b)
Start importing Assets/Prefabs/Rino_Run.prefab using Guid(3af60340569949949aac089aec5c4589) Importer(815301076,1909f56bfc062723c751e8b465ee728b)  -> (artifact id: '001b7d655357aed5499402831ee1028a') in 0.015634 seconds 
========================================================================
Received Prepare
Registering precompiled user dll's ...
Registered in 0.004650 seconds.
Begin MonoManager ReloadAssembly
Native extension for WindowsStandalone target not found
Refreshing native plugins compatible for Editor in 0.75 ms, found 2 plugins.
Preloading 0 native plugins for Editor in 0.00 ms.
Mono: successfully reloaded assembly
- Completed reload, in  1.191 seconds
Platform modules already initialized, skipping
Refreshing native plugins compatible for Editor in 0.76 ms, found 2 plugins.
Preloading 0 native plugins for Editor in 0.00 ms.
Unloading 3524 Unused Serialized files (Serialized files now loaded: 0)
System memory in use before: 136.9 MB.
System memory in use after: 137.2 MB.

Unloading 13 unused Assets to reduce memory usage. Loaded Objects now: 4005.
Total: 2.654000 ms (FindLiveObjects: 0.310100 ms CreateObjectMapping: 0.210500 ms MarkObjects: 2.115800 ms  DeleteObjects: 0.016700 ms)

========================================================================
Received Prepare
Registering precompiled user dll's ...
Registered in 0.004806 seconds.
Begin MonoManager ReloadAssembly
Native extension for WindowsStandalone target not found
Refreshing native plugins compatible for Editor in 0.76 ms, found 2 plugins.
Preloading 0 native plugins for Editor in 0.00 ms.
Mono: successfully reloaded assembly
- Completed reload, in  1.224 seconds
Platform modules already initialized, skipping
Refreshing native plugins compatible for Editor in 0.76 ms, found 2 plugins.
Preloading 0 native plugins for Editor in 0.00 ms.
Unloading 3524 Unused Serialized files (Serialized files now loaded: 0)
System memory in use before: 137.0 MB.
System memory in use after: 137.3 MB.

Unloading 13 unused Assets to reduce memory usage. Loaded Objects now: 4009.
Total: 3.474000 ms (FindLiveObjects: 0.371900 ms CreateObjectMapping: 0.262900 ms MarkObjects: 2.817500 ms  DeleteObjects: 0.020300 ms)

========================================================================
Received Import Request.
  Time since last request: 298.375137 seconds.
  path: Assets/Grounds/Defeault Tiles/Tile Maps/Default_TileMap.prefab
  artifactKey: Guid(e0109001c855b7a4e82413e43cef91f0) Importer(815301076,1909f56bfc062723c751e8b465ee728b)
Start importing Assets/Grounds/Defeault Tiles/Tile Maps/Default_TileMap.prefab using Guid(e0109001c855b7a4e82413e43cef91f0) Importer(815301076,1909f56bfc062723c751e8b465ee728b)  -> (artifact id: 'ad768ba6cccf8123dff6dfd1f892824a') in 0.039719 seconds 
========================================================================
Received Import Request.
  Time since last request: 55.223053 seconds.
  path: Assets/Grounds/Defeault Tiles/Tile Maps/Default_TileMap.prefab
  artifactKey: Guid(e0109001c855b7a4e82413e43cef91f0) Importer(815301076,1909f56bfc062723c751e8b465ee728b)
Start importing Assets/Grounds/Defeault Tiles/Tile Maps/Default_TileMap.prefab using Guid(e0109001c855b7a4e82413e43cef91f0) Importer(815301076,1909f56bfc062723c751e8b465ee728b)  -> (artifact id: '51b3f5d455d3e2e80d6baeeae654971e') in 0.004762 seconds 
========================================================================
Received Import Request.
  Time since last request: 0.565714 seconds.
  path: Assets/Grounds/Defeault Tiles/Tile Maps/Default_TileMap.prefab
  artifactKey: Guid(e0109001c855b7a4e82413e43cef91f0) Importer(815301076,1909f56bfc062723c751e8b465ee728b)
Start importing Assets/Grounds/Defeault Tiles/Tile Maps/Default_TileMap.prefab using Guid(e0109001c855b7a4e82413e43cef91f0) Importer(815301076,1909f56bfc062723c751e8b465ee728b)  -> (artifact id: '8da9ebe10f815020f741089329547e5c') in 0.004311 seconds 
========================================================================
Received Import Request.
  Time since last request: 7.022800 seconds.
  path: Assets/Grounds/Defeault Tiles/Tile Maps/Default_TileMap.prefab
  artifactKey: Guid(e0109001c855b7a4e82413e43cef91f0) Importer(815301076,1909f56bfc062723c751e8b465ee728b)
Start importing Assets/Grounds/Defeault Tiles/Tile Maps/Default_TileMap.prefab using Guid(e0109001c855b7a4e82413e43cef91f0) Importer(815301076,1909f56bfc062723c751e8b465ee728b)  -> (artifact id: '462ec32a91fefa4048e58901a74728fa') in 0.004355 seconds 
========================================================================
Received Import Request.
  Time since last request: 1.410840 seconds.
  path: Assets/Grounds/Defeault Tiles/Tile Maps/Default_TileMap.prefab
  artifactKey: Guid(e0109001c855b7a4e82413e43cef91f0) Importer(815301076,1909f56bfc062723c751e8b465ee728b)
Start importing Assets/Grounds/Defeault Tiles/Tile Maps/Default_TileMap.prefab using Guid(e0109001c855b7a4e82413e43cef91f0) Importer(815301076,1909f56bfc062723c751e8b465ee728b)  -> (artifact id: 'f2728b6b1343c4721b21f681961f1220') in 0.004307 seconds 
========================================================================
Received Import Request.
  Time since last request: 1.413804 seconds.
  path: Assets/Grounds/Defeault Tiles/Tile Maps/Default_TileMap.prefab
  artifactKey: Guid(e0109001c855b7a4e82413e43cef91f0) Importer(815301076,1909f56bfc062723c751e8b465ee728b)
Start importing Assets/Grounds/Defeault Tiles/Tile Maps/Default_TileMap.prefab using Guid(e0109001c855b7a4e82413e43cef91f0) Importer(815301076,1909f56bfc062723c751e8b465ee728b)  -> (artifact id: '69a4272696fb8e37e890cf1dbb86cca5') in 0.004415 seconds 
========================================================================
Received Import Request.
  Time since last request: 15.749410 seconds.
  path: Assets/Grounds/Defeault Tiles/Tile Maps/Default_TileMap.prefab
  artifactKey: Guid(e0109001c855b7a4e82413e43cef91f0) Importer(815301076,1909f56bfc062723c751e8b465ee728b)
Start importing Assets/Grounds/Defeault Tiles/Tile Maps/Default_TileMap.prefab using Guid(e0109001c855b7a4e82413e43cef91f0) Importer(815301076,1909f56bfc062723c751e8b465ee728b)  -> (artifact id: '927a1d225e1ab64436c6159873a8ea60') in 0.004624 seconds 
========================================================================
Received Import Request.
  Time since last request: 7.494650 seconds.
  path: Assets/Grounds/Defeault Tiles/Tile Maps/Default_TileMap.prefab
  artifactKey: Guid(e0109001c855b7a4e82413e43cef91f0) Importer(815301076,1909f56bfc062723c751e8b465ee728b)
Start importing Assets/Grounds/Defeault Tiles/Tile Maps/Default_TileMap.prefab using Guid(e0109001c855b7a4e82413e43cef91f0) Importer(815301076,1909f56bfc062723c751e8b465ee728b)  -> (artifact id: 'b3ae2365b362de892950fc489de4d55a') in 0.004425 seconds 
========================================================================
Received Import Request.
  Time since last request: 3.572717 seconds.
  path: Assets/Grounds/Defeault Tiles/Tile Maps/Default_TileMap.prefab
  artifactKey: Guid(e0109001c855b7a4e82413e43cef91f0) Importer(815301076,1909f56bfc062723c751e8b465ee728b)
Start importing Assets/Grounds/Defeault Tiles/Tile Maps/Default_TileMap.prefab using Guid(e0109001c855b7a4e82413e43cef91f0) Importer(815301076,1909f56bfc062723c751e8b465ee728b)  -> (artifact id: 'c71098eab9c1fd949ec5d1d6e4f8c613') in 0.004273 seconds 
========================================================================
Received Import Request.
  Time since last request: 2.293654 seconds.
  path: Assets/Grounds/Defeault Tiles/Tile Maps/Default_TileMap.prefab
  artifactKey: Guid(e0109001c855b7a4e82413e43cef91f0) Importer(815301076,1909f56bfc062723c751e8b465ee728b)
Start importing Assets/Grounds/Defeault Tiles/Tile Maps/Default_TileMap.prefab using Guid(e0109001c855b7a4e82413e43cef91f0) Importer(815301076,1909f56bfc062723c751e8b465ee728b)  -> (artifact id: '8ce1b028b9a9a0895602cb858d8394e2') in 0.004223 seconds 
========================================================================
Received Import Request.
  Time since last request: 10.289715 seconds.
  path: Assets/Grounds/Defeault Tiles/Tile Maps/Default_TileMap.prefab
  artifactKey: Guid(e0109001c855b7a4e82413e43cef91f0) Importer(815301076,1909f56bfc062723c751e8b465ee728b)
Start importing Assets/Grounds/Defeault Tiles/Tile Maps/Default_TileMap.prefab using Guid(e0109001c855b7a4e82413e43cef91f0) Importer(815301076,1909f56bfc062723c751e8b465ee728b)  -> (artifact id: 'a6efcdb26fb12d153c71e85d6e6ef580') in 0.004410 seconds 
========================================================================
Received Import Request.
  Time since last request: 5.044600 seconds.
  path: Assets/Grounds/Defeault Tiles/Tile Maps/Default_TileMap.prefab
  artifactKey: Guid(e0109001c855b7a4e82413e43cef91f0) Importer(815301076,1909f56bfc062723c751e8b465ee728b)
Start importing Assets/Grounds/Defeault Tiles/Tile Maps/Default_TileMap.prefab using Guid(e0109001c855b7a4e82413e43cef91f0) Importer(815301076,1909f56bfc062723c751e8b465ee728b)  -> (artifact id: 'ab18844ad8fa5884a7528b25e7ea5ba1') in 0.004298 seconds 
========================================================================
Received Import Request.
  Time since last request: 4.455502 seconds.
  path: Assets/Grounds/Defeault Tiles/Tile Maps/Default_TileMap.prefab
  artifactKey: Guid(e0109001c855b7a4e82413e43cef91f0) Importer(815301076,1909f56bfc062723c751e8b465ee728b)
Start importing Assets/Grounds/Defeault Tiles/Tile Maps/Default_TileMap.prefab using Guid(e0109001c855b7a4e82413e43cef91f0) Importer(815301076,1909f56bfc062723c751e8b465ee728b)  -> (artifact id: '4950c72153b8ce7499d3d932e3271af7') in 0.004237 seconds 
========================================================================
Received Import Request.
  Time since last request: 4.239919 seconds.
  path: Assets/Grounds/Defeault Tiles/Tile Maps/Default_TileMap.prefab
  artifactKey: Guid(e0109001c855b7a4e82413e43cef91f0) Importer(815301076,1909f56bfc062723c751e8b465ee728b)
Start importing Assets/Grounds/Defeault Tiles/Tile Maps/Default_TileMap.prefab using Guid(e0109001c855b7a4e82413e43cef91f0) Importer(815301076,1909f56bfc062723c751e8b465ee728b)  -> (artifact id: 'a24ce2e98b426b82efda4dd348f840c1') in 0.004260 seconds 
========================================================================
Received Prepare
Registering precompiled user dll's ...
Registered in 0.004501 seconds.
Begin MonoManager ReloadAssembly
Native extension for WindowsStandalone target not found
Refreshing native plugins compatible for Editor in 0.76 ms, found 2 plugins.
Preloading 0 native plugins for Editor in 0.00 ms.
Mono: successfully reloaded assembly
- Completed reload, in  1.182 seconds
Platform modules already initialized, skipping
Refreshing native plugins compatible for Editor in 0.76 ms, found 2 plugins.
Preloading 0 native plugins for Editor in 0.00 ms.
Unloading 3524 Unused Serialized files (Serialized files now loaded: 0)
System memory in use before: 137.1 MB.
System memory in use after: 137.3 MB.

Unloading 13 unused Assets to reduce memory usage. Loaded Objects now: 4013.
Total: 2.995800 ms (FindLiveObjects: 0.331500 ms CreateObjectMapping: 0.236300 ms MarkObjects: 2.408000 ms  DeleteObjects: 0.019100 ms)

========================================================================
Received Prepare
Registering precompiled user dll's ...
Registered in 0.004566 seconds.
Begin MonoManager ReloadAssembly
Native extension for WindowsStandalone target not found
Refreshing native plugins compatible for Editor in 0.76 ms, found 2 plugins.
Preloading 0 native plugins for Editor in 0.00 ms.
Mono: successfully reloaded assembly
- Completed reload, in  1.184 seconds
Platform modules already initialized, skipping
Refreshing native plugins compatible for Editor in 0.75 ms, found 2 plugins.
Preloading 0 native plugins for Editor in 0.00 ms.
Unloading 3524 Unused Serialized files (Serialized files now loaded: 0)
System memory in use before: 137.1 MB.
System memory in use after: 137.3 MB.

Unloading 13 unused Assets to reduce memory usage. Loaded Objects now: 4017.
Total: 2.882100 ms (FindLiveObjects: 0.302200 ms CreateObjectMapping: 0.216200 ms MarkObjects: 2.345500 ms  DeleteObjects: 0.017300 ms)

========================================================================
Received Prepare
Registering precompiled user dll's ...
Registered in 0.004645 seconds.
Begin MonoManager ReloadAssembly
Native extension for WindowsStandalone target not found
Refreshing native plugins compatible for Editor in 0.76 ms, found 2 plugins.
Preloading 0 native plugins for Editor in 0.00 ms.
Mono: successfully reloaded assembly
- Completed reload, in  1.177 seconds
Platform modules already initialized, skipping
Refreshing native plugins compatible for Editor in 0.75 ms, found 2 plugins.
Preloading 0 native plugins for Editor in 0.00 ms.
Unloading 3524 Unused Serialized files (Serialized files now loaded: 0)
System memory in use before: 137.1 MB.
System memory in use after: 137.3 MB.

Unloading 13 unused Assets to reduce memory usage. Loaded Objects now: 4021.
Total: 2.839100 ms (FindLiveObjects: 0.279100 ms CreateObjectMapping: 0.206200 ms MarkObjects: 2.334900 ms  DeleteObjects: 0.018100 ms)

========================================================================
Received Prepare
Registering precompiled user dll's ...
Registered in 0.004834 seconds.
Begin MonoManager ReloadAssembly
Native extension for WindowsStandalone target not found
Refreshing native plugins compatible for Editor in 1.00 ms, found 2 plugins.
Preloading 0 native plugins for Editor in 0.00 ms.
Mono: successfully reloaded assembly
- Completed reload, in  1.320 seconds
Platform modules already initialized, skipping
Refreshing native plugins compatible for Editor in 0.79 ms, found 2 plugins.
Preloading 0 native plugins for Editor in 0.00 ms.
Unloading 3524 Unused Serialized files (Serialized files now loaded: 0)
System memory in use before: 137.1 MB.
System memory in use after: 137.3 MB.

Unloading 13 unused Assets to reduce memory usage. Loaded Objects now: 4025.
Total: 3.220700 ms (FindLiveObjects: 0.329300 ms CreateObjectMapping: 0.289600 ms MarkObjects: 2.581300 ms  DeleteObjects: 0.019400 ms)

========================================================================
Received Prepare
Registering precompiled user dll's ...
Registered in 0.004837 seconds.
Begin MonoManager ReloadAssembly
Native extension for WindowsStandalone target not found
Refreshing native plugins compatible for Editor in 0.78 ms, found 2 plugins.
Preloading 0 native plugins for Editor in 0.00 ms.
Mono: successfully reloaded assembly
- Completed reload, in  1.224 seconds
Platform modules already initialized, skipping
Refreshing native plugins compatible for Editor in 0.75 ms, found 2 plugins.
Preloading 0 native plugins for Editor in 0.00 ms.
Unloading 3524 Unused Serialized files (Serialized files now loaded: 0)
System memory in use before: 137.1 MB.
System memory in use after: 137.4 MB.

Unloading 13 unused Assets to reduce memory usage. Loaded Objects now: 4029.
Total: 2.902300 ms (FindLiveObjects: 0.314200 ms CreateObjectMapping: 0.234200 ms MarkObjects: 2.334700 ms  DeleteObjects: 0.018400 ms)

========================================================================
Received Prepare
Registering precompiled user dll's ...
Registered in 0.004563 seconds.
Begin MonoManager ReloadAssembly
Native extension for WindowsStandalone target not found
Refreshing native plugins compatible for Editor in 0.75 ms, found 2 plugins.
Preloading 0 native plugins for Editor in 0.00 ms.
Mono: successfully reloaded assembly
- Completed reload, in  1.183 seconds
Platform modules already initialized, skipping
Refreshing native plugins compatible for Editor in 0.75 ms, found 2 plugins.
Preloading 0 native plugins for Editor in 0.00 ms.
Unloading 3524 Unused Serialized files (Serialized files now loaded: 0)
System memory in use before: 137.1 MB.
System memory in use after: 137.4 MB.

Unloading 13 unused Assets to reduce memory usage. Loaded Objects now: 4033.
Total: 2.950900 ms (FindLiveObjects: 0.306500 ms CreateObjectMapping: 0.231100 ms MarkObjects: 2.392600 ms  DeleteObjects: 0.019200 ms)

========================================================================
Received Prepare
Registering precompiled user dll's ...
Registered in 0.004724 seconds.
Begin MonoManager ReloadAssembly
Native extension for WindowsStandalone target not found
Refreshing native plugins compatible for Editor in 0.80 ms, found 2 plugins.
Preloading 0 native plugins for Editor in 0.00 ms.
Mono: successfully reloaded assembly
- Completed reload, in  1.187 seconds
Platform modules already initialized, skipping
Refreshing native plugins compatible for Editor in 0.78 ms, found 2 plugins.
Preloading 0 native plugins for Editor in 0.00 ms.
Unloading 3524 Unused Serialized files (Serialized files now loaded: 0)
System memory in use before: 137.1 MB.
System memory in use after: 137.4 MB.

Unloading 13 unused Assets to reduce memory usage. Loaded Objects now: 4037.
Total: 3.246600 ms (FindLiveObjects: 0.383000 ms CreateObjectMapping: 0.320800 ms MarkObjects: 2.521200 ms  DeleteObjects: 0.020600 ms)

========================================================================
Received Prepare
Registering precompiled user dll's ...
Registered in 0.004529 seconds.
Begin MonoManager ReloadAssembly
Native extension for WindowsStandalone target not found
Refreshing native plugins compatible for Editor in 0.76 ms, found 2 plugins.
Preloading 0 native plugins for Editor in 0.00 ms.
Mono: successfully reloaded assembly
- Completed reload, in  1.185 seconds
Platform modules already initialized, skipping
Refreshing native plugins compatible for Editor in 0.75 ms, found 2 plugins.
Preloading 0 native plugins for Editor in 0.00 ms.
Unloading 3524 Unused Serialized files (Serialized files now loaded: 0)
System memory in use before: 137.2 MB.
System memory in use after: 137.4 MB.

Unloading 13 unused Assets to reduce memory usage. Loaded Objects now: 4041.
Total: 2.856400 ms (FindLiveObjects: 0.304400 ms CreateObjectMapping: 0.220100 ms MarkObjects: 2.312700 ms  DeleteObjects: 0.018300 ms)

========================================================================
Received Prepare
Registering precompiled user dll's ...
Registered in 0.004870 seconds.
Begin MonoManager ReloadAssembly
Native extension for WindowsStandalone target not found
Refreshing native plugins compatible for Editor in 0.77 ms, found 2 plugins.
Preloading 0 native plugins for Editor in 0.00 ms.
Mono: successfully reloaded assembly
- Completed reload, in  1.182 seconds
Platform modules already initialized, skipping
Refreshing native plugins compatible for Editor in 0.77 ms, found 2 plugins.
Preloading 0 native plugins for Editor in 0.00 ms.
Unloading 3524 Unused Serialized files (Serialized files now loaded: 0)
System memory in use before: 137.2 MB.
System memory in use after: 137.4 MB.

Unloading 13 unused Assets to reduce memory usage. Loaded Objects now: 4045.
Total: 2.818700 ms (FindLiveObjects: 0.319300 ms CreateObjectMapping: 0.233600 ms MarkObjects: 2.247800 ms  DeleteObjects: 0.016800 ms)

========================================================================
Received Import Request.
  Time since last request: 1002.516370 seconds.
  path: Assets/Scripts/NextLevel.cs
  artifactKey: Guid(2b84c3c5b569f2a4fb87d86bc0cb8276) Importer(815301076,1909f56bfc062723c751e8b465ee728b)
Start importing Assets/Scripts/NextLevel.cs using Guid(2b84c3c5b569f2a4fb87d86bc0cb8276) Importer(815301076,1909f56bfc062723c751e8b465ee728b)  -> (artifact id: 'e09b05bd463d8f36eeb4827ff845486f') in 0.031331 seconds 
========================================================================
Received Prepare
Registering precompiled user dll's ...
Registered in 0.004537 seconds.
Begin MonoManager ReloadAssembly
Native extension for WindowsStandalone target not found
Refreshing native plugins compatible for Editor in 0.84 ms, found 2 plugins.
Preloading 0 native plugins for Editor in 0.00 ms.
Mono: successfully reloaded assembly
- Completed reload, in  1.201 seconds
Platform modules already initialized, skipping
Refreshing native plugins compatible for Editor in 0.76 ms, found 2 plugins.
Preloading 0 native plugins for Editor in 0.00 ms.
Unloading 3524 Unused Serialized files (Serialized files now loaded: 0)
System memory in use before: 137.2 MB.
System memory in use after: 137.4 MB.

Unloading 13 unused Assets to reduce memory usage. Loaded Objects now: 4049.
Total: 2.915400 ms (FindLiveObjects: 0.389300 ms CreateObjectMapping: 0.209400 ms MarkObjects: 2.294300 ms  DeleteObjects: 0.021600 ms)

========================================================================
Received Prepare
Registering precompiled user dll's ...
Registered in 0.004569 seconds.
Begin MonoManager ReloadAssembly
Native extension for WindowsStandalone target not found
Refreshing native plugins compatible for Editor in 0.76 ms, found 2 plugins.
Preloading 0 native plugins for Editor in 0.00 ms.
Mono: successfully reloaded assembly
- Completed reload, in  1.184 seconds
Platform modules already initialized, skipping
Refreshing native plugins compatible for Editor in 0.82 ms, found 2 plugins.
Preloading 0 native plugins for Editor in 0.00 ms.
Unloading 3524 Unused Serialized files (Serialized files now loaded: 0)
System memory in use before: 137.2 MB.
System memory in use after: 137.4 MB.

Unloading 13 unused Assets to reduce memory usage. Loaded Objects now: 4053.
Total: 3.023900 ms (FindLiveObjects: 0.287000 ms CreateObjectMapping: 0.205500 ms MarkObjects: 2.510900 ms  DeleteObjects: 0.019700 ms)

========================================================================
Received Import Request.
  Time since last request: 72.023620 seconds.
  path: Assets/Scripts/NextLevel.cs
  artifactKey: Guid(2b84c3c5b569f2a4fb87d86bc0cb8276) Importer(815301076,1909f56bfc062723c751e8b465ee728b)
Start importing Assets/Scripts/NextLevel.cs using Guid(2b84c3c5b569f2a4fb87d86bc0cb8276) Importer(815301076,1909f56bfc062723c751e8b465ee728b)  -> (artifact id: '7ba1d4813764215397cdcdc26f09f336') in 0.007317 seconds 
========================================================================
Received Prepare
Registering precompiled user dll's ...
Registered in 0.004681 seconds.
Begin MonoManager ReloadAssembly
Native extension for WindowsStandalone target not found
Refreshing native plugins compatible for Editor in 0.77 ms, found 2 plugins.
Preloading 0 native plugins for Editor in 0.00 ms.
Mono: successfully reloaded assembly
- Completed reload, in  1.180 seconds
Platform modules already initialized, skipping
Refreshing native plugins compatible for Editor in 0.81 ms, found 2 plugins.
Preloading 0 native plugins for Editor in 0.00 ms.
Unloading 3524 Unused Serialized files (Serialized files now loaded: 0)
System memory in use before: 137.2 MB.
System memory in use after: 137.4 MB.

Unloading 13 unused Assets to reduce memory usage. Loaded Objects now: 4057.
Total: 2.873500 ms (FindLiveObjects: 0.354600 ms CreateObjectMapping: 0.201700 ms MarkObjects: 2.298900 ms  DeleteObjects: 0.017500 ms)

========================================================================
Received Prepare
Registering precompiled user dll's ...
Registered in 0.004748 seconds.
Begin MonoManager ReloadAssembly
Native extension for WindowsStandalone target not found
Refreshing native plugins compatible for Editor in 0.75 ms, found 2 plugins.
Preloading 0 native plugins for Editor in 0.00 ms.
Mono: successfully reloaded assembly
- Completed reload, in  1.196 seconds
Platform modules already initialized, skipping
Refreshing native plugins compatible for Editor in 0.76 ms, found 2 plugins.
Preloading 0 native plugins for Editor in 0.00 ms.
Unloading 3524 Unused Serialized files (Serialized files now loaded: 0)
System memory in use before: 137.2 MB.
System memory in use after: 137.4 MB.

Unloading 13 unused Assets to reduce memory usage. Loaded Objects now: 4061.
Total: 2.881900 ms (FindLiveObjects: 0.308700 ms CreateObjectMapping: 0.217900 ms MarkObjects: 2.337000 ms  DeleteObjects: 0.017200 ms)

========================================================================
Received Prepare
Registering precompiled user dll's ...
Registered in 0.004565 seconds.
Begin MonoManager ReloadAssembly
Native extension for WindowsStandalone target not found
Refreshing native plugins compatible for Editor in 0.78 ms, found 2 plugins.
Preloading 0 native plugins for Editor in 0.00 ms.
Mono: successfully reloaded assembly
- Completed reload, in  1.183 seconds
Platform modules already initialized, skipping
Refreshing native plugins compatible for Editor in 0.77 ms, found 2 plugins.
Preloading 0 native plugins for Editor in 0.00 ms.
Unloading 3524 Unused Serialized files (Serialized files now loaded: 0)
System memory in use before: 137.2 MB.
System memory in use after: 137.4 MB.

Unloading 13 unused Assets to reduce memory usage. Loaded Objects now: 4065.
Total: 2.907900 ms (FindLiveObjects: 0.288800 ms CreateObjectMapping: 0.194200 ms MarkObjects: 2.396300 ms  DeleteObjects: 0.027200 ms)

AssetImportWorkerClient::OnTransportError - code=2 error=End of file
